<?xml version="1.0" encoding="UTF-8"?>
<testsuite name="me.daniel.mvcjacksonview.MvcJacksonviewApplicationTests" tests="4" skipped="0" failures="0" errors="0" timestamp="2019-05-26T22:59:04" hostname="devui-MacBook-Pro.local" time="0.447">
  <properties/>
  <testcase name="JsonFilter_single" classname="me.daniel.mvcjacksonview.MvcJacksonviewApplicationTests" time="0.407"/>
  <testcase name="JsonView_Get_Test" classname="me.daniel.mvcjacksonview.MvcJacksonviewApplicationTests" time="0.017"/>
  <testcase name="JsonFilter_comma_separator" classname="me.daniel.mvcjacksonview.MvcJacksonviewApplicationTests" time="0.008"/>
  <testcase name="JsonView_List_Test" classname="me.daniel.mvcjacksonview.MvcJacksonviewApplicationTests" time="0.012"/>
  <system-out><![CDATA[07:59:01.965 [Test worker] DEBUG org.springframework.test.context.junit4.SpringJUnit4ClassRunner - SpringJUnit4ClassRunner constructor called with [class me.daniel.mvcjacksonview.MvcJacksonviewApplicationTests]
07:59:01.974 [Test worker] DEBUG org.springframework.test.context.BootstrapUtils - Instantiating CacheAwareContextLoaderDelegate from class [org.springframework.test.context.cache.DefaultCacheAwareContextLoaderDelegate]
07:59:01.981 [Test worker] DEBUG org.springframework.test.context.BootstrapUtils - Instantiating BootstrapContext using constructor [public org.springframework.test.context.support.DefaultBootstrapContext(java.lang.Class,org.springframework.test.context.CacheAwareContextLoaderDelegate)]
07:59:02.003 [Test worker] DEBUG org.springframework.test.context.BootstrapUtils - Instantiating TestContextBootstrapper for test class [me.daniel.mvcjacksonview.MvcJacksonviewApplicationTests] from class [org.springframework.boot.test.context.SpringBootTestContextBootstrapper]
07:59:02.014 [Test worker] INFO org.springframework.boot.test.context.SpringBootTestContextBootstrapper - Neither @ContextConfiguration nor @ContextHierarchy found for test class [me.daniel.mvcjacksonview.MvcJacksonviewApplicationTests], using SpringBootContextLoader
07:59:02.017 [Test worker] DEBUG org.springframework.test.context.support.AbstractContextLoader - Did not detect default resource location for test class [me.daniel.mvcjacksonview.MvcJacksonviewApplicationTests]: class path resource [me/daniel/mvcjacksonview/MvcJacksonviewApplicationTests-context.xml] does not exist
07:59:02.018 [Test worker] DEBUG org.springframework.test.context.support.AbstractContextLoader - Did not detect default resource location for test class [me.daniel.mvcjacksonview.MvcJacksonviewApplicationTests]: class path resource [me/daniel/mvcjacksonview/MvcJacksonviewApplicationTestsContext.groovy] does not exist
07:59:02.018 [Test worker] INFO org.springframework.test.context.support.AbstractContextLoader - Could not detect default resource locations for test class [me.daniel.mvcjacksonview.MvcJacksonviewApplicationTests]: no resource found for suffixes {-context.xml, Context.groovy}.
07:59:02.019 [Test worker] INFO org.springframework.test.context.support.AnnotationConfigContextLoaderUtils - Could not detect default configuration classes for test class [me.daniel.mvcjacksonview.MvcJacksonviewApplicationTests]: MvcJacksonviewApplicationTests does not declare any static, non-private, non-final, nested classes annotated with @Configuration.
07:59:02.064 [Test worker] DEBUG org.springframework.test.context.support.ActiveProfilesUtils - Could not find an 'annotation declaring class' for annotation type [org.springframework.test.context.ActiveProfiles] and class [me.daniel.mvcjacksonview.MvcJacksonviewApplicationTests]
07:59:02.146 [Test worker] DEBUG org.springframework.context.annotation.ClassPathScanningCandidateComponentProvider - Identified candidate component class: file [/Users/dev/development/workspace/mvc-jacksonview/build/classes/kotlin/main/me/daniel/mvcjacksonview/MvcJacksonviewApplication.class]
07:59:02.147 [Test worker] INFO org.springframework.boot.test.context.SpringBootTestContextBootstrapper - Found @SpringBootConfiguration me.daniel.mvcjacksonview.MvcJacksonviewApplication for test class me.daniel.mvcjacksonview.MvcJacksonviewApplicationTests
07:59:02.235 [Test worker] DEBUG org.springframework.boot.test.context.SpringBootTestContextBootstrapper - @TestExecutionListeners is not present for class [me.daniel.mvcjacksonview.MvcJacksonviewApplicationTests]: using defaults.
07:59:02.235 [Test worker] INFO org.springframework.boot.test.context.SpringBootTestContextBootstrapper - Loaded default TestExecutionListener class names from location [META-INF/spring.factories]: [org.springframework.boot.test.autoconfigure.restdocs.RestDocsTestExecutionListener, org.springframework.boot.test.autoconfigure.web.client.MockRestServiceServerResetTestExecutionListener, org.springframework.boot.test.autoconfigure.web.servlet.MockMvcPrintOnlyOnFailureTestExecutionListener, org.springframework.boot.test.autoconfigure.web.servlet.WebDriverTestExecutionListener, org.springframework.boot.test.mock.mockito.MockitoTestExecutionListener, org.springframework.boot.test.mock.mockito.ResetMocksTestExecutionListener, org.springframework.test.context.web.ServletTestExecutionListener, org.springframework.test.context.support.DirtiesContextBeforeModesTestExecutionListener, org.springframework.test.context.support.DependencyInjectionTestExecutionListener, org.springframework.test.context.support.DirtiesContextTestExecutionListener, org.springframework.test.context.transaction.TransactionalTestExecutionListener, org.springframework.test.context.jdbc.SqlScriptsTestExecutionListener]
07:59:02.245 [Test worker] DEBUG org.springframework.boot.test.context.SpringBootTestContextBootstrapper - Skipping candidate TestExecutionListener [org.springframework.test.context.transaction.TransactionalTestExecutionListener] due to a missing dependency. Specify custom listener classes or make the default listener classes and their required dependencies available. Offending class: [org/springframework/transaction/interceptor/TransactionAttributeSource]
07:59:02.246 [Test worker] DEBUG org.springframework.boot.test.context.SpringBootTestContextBootstrapper - Skipping candidate TestExecutionListener [org.springframework.test.context.jdbc.SqlScriptsTestExecutionListener] due to a missing dependency. Specify custom listener classes or make the default listener classes and their required dependencies available. Offending class: [org/springframework/transaction/interceptor/TransactionAttribute]
07:59:02.246 [Test worker] INFO org.springframework.boot.test.context.SpringBootTestContextBootstrapper - Using TestExecutionListeners: [org.springframework.test.context.web.ServletTestExecutionListener@58f88524, org.springframework.test.context.support.DirtiesContextBeforeModesTestExecutionListener@d4f8c8c, org.springframework.boot.test.mock.mockito.MockitoTestExecutionListener@6e334550, org.springframework.boot.test.autoconfigure.SpringBootDependencyInjectionTestExecutionListener@291ef385, org.springframework.test.context.support.DirtiesContextTestExecutionListener@35d39227, org.springframework.boot.test.autoconfigure.restdocs.RestDocsTestExecutionListener@440943fd, org.springframework.boot.test.autoconfigure.web.client.MockRestServiceServerResetTestExecutionListener@30e497e9, org.springframework.boot.test.autoconfigure.web.servlet.MockMvcPrintOnlyOnFailureTestExecutionListener@6e38d8ab, org.springframework.boot.test.autoconfigure.web.servlet.WebDriverTestExecutionListener@47532de1, org.springframework.boot.test.mock.mockito.ResetMocksTestExecutionListener@494b885d]
07:59:02.250 [Test worker] DEBUG org.springframework.test.annotation.ProfileValueUtils - Retrieved @ProfileValueSourceConfiguration [null] for test class [me.daniel.mvcjacksonview.MvcJacksonviewApplicationTests]
07:59:02.251 [Test worker] DEBUG org.springframework.test.annotation.ProfileValueUtils - Retrieved ProfileValueSource type [class org.springframework.test.annotation.SystemProfileValueSource] for class [me.daniel.mvcjacksonview.MvcJacksonviewApplicationTests]
07:59:02.253 [Test worker] DEBUG org.springframework.test.annotation.ProfileValueUtils - Retrieved @ProfileValueSourceConfiguration [null] for test class [me.daniel.mvcjacksonview.MvcJacksonviewApplicationTests]
07:59:02.253 [Test worker] DEBUG org.springframework.test.annotation.ProfileValueUtils - Retrieved ProfileValueSource type [class org.springframework.test.annotation.SystemProfileValueSource] for class [me.daniel.mvcjacksonview.MvcJacksonviewApplicationTests]
07:59:02.254 [Test worker] DEBUG org.springframework.test.annotation.ProfileValueUtils - Retrieved @ProfileValueSourceConfiguration [null] for test class [me.daniel.mvcjacksonview.MvcJacksonviewApplicationTests]
07:59:02.254 [Test worker] DEBUG org.springframework.test.annotation.ProfileValueUtils - Retrieved ProfileValueSource type [class org.springframework.test.annotation.SystemProfileValueSource] for class [me.daniel.mvcjacksonview.MvcJacksonviewApplicationTests]
07:59:02.258 [Test worker] DEBUG org.springframework.test.context.support.AbstractDirtiesContextTestExecutionListener - Before test class: context [DefaultTestContext@20885a26 testClass = MvcJacksonviewApplicationTests, testInstance = [null], testMethod = [null], testException = [null], mergedContextConfiguration = [WebMergedContextConfiguration@7315333d testClass = MvcJacksonviewApplicationTests, locations = '{}', classes = '{class me.daniel.mvcjacksonview.MvcJacksonviewApplication}', contextInitializerClasses = '[]', activeProfiles = '{}', propertySourceLocations = '{}', propertySourceProperties = '{org.springframework.boot.test.context.SpringBootTestContextBootstrapper=true, server.port=0}', contextCustomizers = set[org.springframework.boot.test.autoconfigure.properties.PropertyMappingContextCustomizer@e7e8512, org.springframework.boot.test.autoconfigure.web.servlet.WebDriverContextCustomizerFactory$Customizer@683e6f3e, [ImportsContextCustomizer@1361f13b key = [org.springframework.boot.test.autoconfigure.web.servlet.MockMvcAutoConfiguration, org.springframework.boot.test.autoconfigure.web.servlet.MockMvcSecurityAutoConfiguration, org.springframework.boot.test.autoconfigure.web.servlet.MockMvcWebClientAutoConfiguration, org.springframework.boot.test.autoconfigure.web.servlet.MockMvcWebDriverAutoConfiguration]], org.springframework.boot.test.context.filter.ExcludeFilterContextCustomizer@51787534, org.springframework.boot.test.json.DuplicateJsonObjectContextCustomizerFactory$DuplicateJsonObjectContextCustomizer@6ec84c2e, org.springframework.boot.test.mock.mockito.MockitoContextCustomizer@0, org.springframework.boot.test.web.client.TestRestTemplateContextCustomizer@693e794e], resourceBasePath = 'src/main/webapp', contextLoader = 'org.springframework.boot.test.context.SpringBootContextLoader', parent = [null]], attributes = map['org.springframework.test.context.web.ServletTestExecutionListener.activateListener' -> false]], class annotated with @DirtiesContext [false] with mode [null].
07:59:02.259 [Test worker] DEBUG org.springframework.test.annotation.ProfileValueUtils - Retrieved @ProfileValueSourceConfiguration [null] for test class [me.daniel.mvcjacksonview.MvcJacksonviewApplicationTests]
07:59:02.259 [Test worker] DEBUG org.springframework.test.annotation.ProfileValueUtils - Retrieved ProfileValueSource type [class org.springframework.test.annotation.SystemProfileValueSource] for class [me.daniel.mvcjacksonview.MvcJacksonviewApplicationTests]
07:59:02.263 [Test worker] DEBUG org.springframework.test.context.support.DependencyInjectionTestExecutionListener - Performing dependency injection for test context [[DefaultTestContext@20885a26 testClass = MvcJacksonviewApplicationTests, testInstance = me.daniel.mvcjacksonview.MvcJacksonviewApplicationTests@9b963b8, testMethod = [null], testException = [null], mergedContextConfiguration = [WebMergedContextConfiguration@7315333d testClass = MvcJacksonviewApplicationTests, locations = '{}', classes = '{class me.daniel.mvcjacksonview.MvcJacksonviewApplication}', contextInitializerClasses = '[]', activeProfiles = '{}', propertySourceLocations = '{}', propertySourceProperties = '{org.springframework.boot.test.context.SpringBootTestContextBootstrapper=true, server.port=0}', contextCustomizers = set[org.springframework.boot.test.autoconfigure.properties.PropertyMappingContextCustomizer@e7e8512, org.springframework.boot.test.autoconfigure.web.servlet.WebDriverContextCustomizerFactory$Customizer@683e6f3e, [ImportsContextCustomizer@1361f13b key = [org.springframework.boot.test.autoconfigure.web.servlet.MockMvcAutoConfiguration, org.springframework.boot.test.autoconfigure.web.servlet.MockMvcSecurityAutoConfiguration, org.springframework.boot.test.autoconfigure.web.servlet.MockMvcWebClientAutoConfiguration, org.springframework.boot.test.autoconfigure.web.servlet.MockMvcWebDriverAutoConfiguration]], org.springframework.boot.test.context.filter.ExcludeFilterContextCustomizer@51787534, org.springframework.boot.test.json.DuplicateJsonObjectContextCustomizerFactory$DuplicateJsonObjectContextCustomizer@6ec84c2e, org.springframework.boot.test.mock.mockito.MockitoContextCustomizer@0, org.springframework.boot.test.web.client.TestRestTemplateContextCustomizer@693e794e], resourceBasePath = 'src/main/webapp', contextLoader = 'org.springframework.boot.test.context.SpringBootContextLoader', parent = [null]], attributes = map['org.springframework.test.context.web.ServletTestExecutionListener.activateListener' -> false]]].
07:59:02.290 [Test worker] DEBUG org.springframework.test.context.support.TestPropertySourceUtils - Adding inlined properties to environment: {spring.jmx.enabled=false, org.springframework.boot.test.context.SpringBootTestContextBootstrapper=true, server.port=0}

  .   ____          _            __ _ _
 /\\ / ___'_ __ _ _(_)_ __  __ _ \ \ \ \
( ( )\___ | '_ | '_| | '_ \/ _` | \ \ \ \
 \\/  ___)| |_)| | | | | || (_| |  ) ) ) )
  '  |____| .__|_| |_|_| |_\__, | / / / /
 =========|_|==============|___/=/_/_/_/
 :: Spring Boot ::        (v2.1.5.RELEASE)

2019-05-27 07:59:02.510  INFO 72607 --- [    Test worker] m.d.m.MvcJacksonviewApplicationTests     : Starting MvcJacksonviewApplicationTests on devui-MacBook-Pro.local with PID 72607 (started by dev in /Users/dev/development/workspace/mvc-jacksonview)
2019-05-27 07:59:02.512  INFO 72607 --- [    Test worker] m.d.m.MvcJacksonviewApplicationTests     : No active profile set, falling back to default profiles: default
2019-05-27 07:59:03.841  INFO 72607 --- [    Test worker] o.s.b.w.embedded.tomcat.TomcatWebServer  : Tomcat initialized with port(s): 0 (http)
2019-05-27 07:59:03.872  INFO 72607 --- [    Test worker] o.apache.catalina.core.StandardService   : Starting service [Tomcat]
2019-05-27 07:59:03.873  INFO 72607 --- [    Test worker] org.apache.catalina.core.StandardEngine  : Starting Servlet engine: [Apache Tomcat/9.0.19]
2019-05-27 07:59:03.973  INFO 72607 --- [    Test worker] o.a.c.c.C.[Tomcat].[localhost].[/]       : Initializing Spring embedded WebApplicationContext
2019-05-27 07:59:03.973  INFO 72607 --- [    Test worker] o.s.web.context.ContextLoader            : Root WebApplicationContext: initialization completed in 1445 ms
2019-05-27 07:59:04.414  INFO 72607 --- [    Test worker] o.s.s.concurrent.ThreadPoolTaskExecutor  : Initializing ExecutorService 'applicationTaskExecutor'
2019-05-27 07:59:04.717  INFO 72607 --- [    Test worker] o.a.c.c.C.[Tomcat].[localhost].[/]       : Initializing Spring TestDispatcherServlet ''
2019-05-27 07:59:04.717  INFO 72607 --- [    Test worker] o.s.t.web.servlet.TestDispatcherServlet  : Initializing Servlet ''
2019-05-27 07:59:04.731  INFO 72607 --- [    Test worker] o.s.t.web.servlet.TestDispatcherServlet  : Completed initialization in 14 ms
2019-05-27 07:59:04.801  INFO 72607 --- [    Test worker] o.s.b.w.embedded.tomcat.TomcatWebServer  : Tomcat started on port(s): 50389 (http) with context path ''
2019-05-27 07:59:04.805  INFO 72607 --- [    Test worker] m.d.m.MvcJacksonviewApplicationTests     : Started MvcJacksonviewApplicationTests in 2.513 seconds (JVM running for 3.469)

MockHttpServletRequest:
      HTTP Method = GET
      Request URI = /json-filter
       Parameters = {fields=[isbn]}
          Headers = []
             Body = null
    Session Attrs = {}

Handler:
             Type = me.daniel.mvcjacksonview.BookController
           Method = public org.springframework.http.converter.json.MappingJacksonValue me.daniel.mvcjacksonview.BookController.jsonFilter(me.daniel.mvcjacksonview.GetReq)

Async:
    Async started = false
     Async result = null

Resolved Exception:
             Type = null

ModelAndView:
        View name = null
             View = null
            Model = null

FlashMap:
       Attributes = null

MockHttpServletResponse:
           Status = 200
    Error message = null
          Headers = [Content-Type:"application/json;charset=UTF-8"]
     Content type = application/json;charset=UTF-8
             Body = {"isbn":"1a339170-29a3-4e6d-9a82-3ee21c5ff90e"}
    Forwarded URL = null
   Redirected URL = null
          Cookies = []

MockHttpServletRequest:
      HTTP Method = GET
      Request URI = /get
       Parameters = {}
          Headers = []
             Body = null
    Session Attrs = {}

Handler:
             Type = me.daniel.mvcjacksonview.BookController
           Method = public me.daniel.mvcjacksonview.Dto$User me.daniel.mvcjacksonview.BookController.jsonViewGet()

Async:
    Async started = false
     Async result = null

Resolved Exception:
             Type = null

ModelAndView:
        View name = null
             View = null
            Model = null

FlashMap:
       Attributes = null

MockHttpServletResponse:
           Status = 200
    Error message = null
          Headers = [Content-Type:"application/json;charset=UTF-8"]
     Content type = application/json;charset=UTF-8
             Body = {"id":"e9646e00-5e5c-4391-8c09-e2c604aca34d","email":"park@gmail.com","name":"Park","createdAt":"2019-05-27T07:59:04.089","updatedAt":"2019-05-27T07:59:04.089"}
    Forwarded URL = null
   Redirected URL = null
          Cookies = []

MockHttpServletRequest:
      HTTP Method = GET
      Request URI = /json-filter
       Parameters = {fields=[isbn,title]}
          Headers = []
             Body = null
    Session Attrs = {}

Handler:
             Type = me.daniel.mvcjacksonview.BookController
           Method = public org.springframework.http.converter.json.MappingJacksonValue me.daniel.mvcjacksonview.BookController.jsonFilter(me.daniel.mvcjacksonview.GetReq)

Async:
    Async started = false
     Async result = null

Resolved Exception:
             Type = null

ModelAndView:
        View name = null
             View = null
            Model = null

FlashMap:
       Attributes = null

MockHttpServletResponse:
           Status = 200
    Error message = null
          Headers = [Content-Type:"application/json;charset=UTF-8"]
     Content type = application/json;charset=UTF-8
             Body = {"isbn":"1a339170-29a3-4e6d-9a82-3ee21c5ff90e","title":"Title"}
    Forwarded URL = null
   Redirected URL = null
          Cookies = []

MockHttpServletRequest:
      HTTP Method = GET
      Request URI = /list
       Parameters = {}
          Headers = []
             Body = null
    Session Attrs = {}

Handler:
             Type = me.daniel.mvcjacksonview.BookController
           Method = public java.util.List<me.daniel.mvcjacksonview.Dto$User> me.daniel.mvcjacksonview.BookController.jsonViewList()

Async:
    Async started = false
     Async result = null

Resolved Exception:
             Type = null

ModelAndView:
        View name = null
             View = null
            Model = null

FlashMap:
       Attributes = null

MockHttpServletResponse:
           Status = 200
    Error message = null
          Headers = [Content-Type:"application/json;charset=UTF-8"]
     Content type = application/json;charset=UTF-8
             Body = [{"id":"e9646e00-5e5c-4391-8c09-e2c604aca34d","email":"park@gmail.com","name":"Park"}]
    Forwarded URL = null
   Redirected URL = null
          Cookies = []
]]></system-out>
  <system-err><![CDATA[]]></system-err>
</testsuite>
